2023-03-10T20:30:39.435+02:00  INFO 124456 --- [main] c.m.f.FileConversionApplication          : Starting FileConversionApplication using Java 18.0.2 with PID 124456 (/home/martin/Downloads/file-conversion/target/classes started by martin in /home/martin/Downloads/file-conversion)
2023-03-10T20:30:39.438+02:00  INFO 124456 --- [main] c.m.f.FileConversionApplication          : No active profile set, falling back to 1 default profile: "default"
2023-03-10T20:30:40.177+02:00  INFO 124456 --- [main] o.s.b.w.embedded.tomcat.TomcatWebServer  : Tomcat initialized with port(s): 8080 (http)
2023-03-10T20:30:40.185+02:00  INFO 124456 --- [main] o.apache.catalina.core.StandardService   : Starting service [Tomcat]
2023-03-10T20:30:40.185+02:00  INFO 124456 --- [main] o.apache.catalina.core.StandardEngine    : Starting Servlet engine: [Apache Tomcat/10.1.5]
2023-03-10T20:30:40.290+02:00  INFO 124456 --- [main] o.a.c.c.C.[Tomcat].[localhost].[/]       : Initializing Spring embedded WebApplicationContext
2023-03-10T20:30:40.290+02:00  INFO 124456 --- [main] w.s.c.ServletWebServerApplicationContext : Root WebApplicationContext: initialization completed in 815 ms
2023-03-10T20:30:40.602+02:00  INFO 124456 --- [main] o.s.b.a.w.s.WelcomePageHandlerMapping    : Adding welcome page template: index
2023-03-10T20:30:40.785+02:00  INFO 124456 --- [main] o.s.b.w.embedded.tomcat.TomcatWebServer  : Tomcat started on port(s): 8080 (http) with context path ''
2023-03-10T20:30:40.793+02:00  INFO 124456 --- [main] c.m.f.FileConversionApplication          : Started FileConversionApplication in 1.71 seconds (process running for 2.264)
2023-03-10T20:31:30.681+02:00  INFO 124703 --- [main] c.m.f.FileConversionApplication          : Starting FileConversionApplication using Java 18.0.2 with PID 124703 (/home/martin/Downloads/file-conversion/target/classes started by martin in /home/martin/Downloads/file-conversion)
2023-03-10T20:31:30.683+02:00  INFO 124703 --- [main] c.m.f.FileConversionApplication          : No active profile set, falling back to 1 default profile: "default"
2023-03-10T20:31:31.377+02:00  INFO 124703 --- [main] o.s.b.w.embedded.tomcat.TomcatWebServer  : Tomcat initialized with port(s): 8080 (http)
2023-03-10T20:31:31.385+02:00  INFO 124703 --- [main] o.apache.catalina.core.StandardService   : Starting service [Tomcat]
2023-03-10T20:31:31.385+02:00  INFO 124703 --- [main] o.apache.catalina.core.StandardEngine    : Starting Servlet engine: [Apache Tomcat/10.1.5]
2023-03-10T20:31:31.492+02:00  INFO 124703 --- [main] o.a.c.c.C.[Tomcat].[localhost].[/]       : Initializing Spring embedded WebApplicationContext
2023-03-10T20:31:31.492+02:00  INFO 124703 --- [main] w.s.c.ServletWebServerApplicationContext : Root WebApplicationContext: initialization completed in 768 ms
2023-03-10T20:31:31.809+02:00  INFO 124703 --- [main] o.s.b.a.w.s.WelcomePageHandlerMapping    : Adding welcome page template: index
2023-03-10T20:31:31.984+02:00  INFO 124703 --- [main] o.s.b.w.embedded.tomcat.TomcatWebServer  : Tomcat started on port(s): 8080 (http) with context path ''
2023-03-10T20:31:31.993+02:00  INFO 124703 --- [main] c.m.f.FileConversionApplication          : Started FileConversionApplication in 1.687 seconds (process running for 2.244)
